<?xml version="1.0" encoding="UTF-8"?>
<testng-results ignored="0" total="2" passed="2" failed="0" skipped="0">
  <reporter-output>
  </reporter-output>
  <suite started-at="2024-07-30T10:33:15 GMT-07:00" name="Default suite" finished-at="2024-07-30T10:33:15 GMT-07:00" duration-ms="102">
    <groups>
    </groups>
    <test started-at="2024-07-30T10:33:15 GMT-07:00" name="Default test" finished-at="2024-07-30T10:33:15 GMT-07:00" duration-ms="102">
      <class name="practice2.Testclass">
        <test-method signature="test1()[pri:0, instance:practice2.Testclass@34a3d150]" started-at="2024-07-30T10:33:15 GMT-07:00" name="test1" finished-at="2024-07-30T10:33:15 GMT-07:00" duration-ms="22" status="PASS">
          <reporter-output>
          </reporter-output>
        </test-method> <!-- test1 -->
        <test-method signature="test2()[pri:0, instance:practice2.Testclass@34a3d150]" started-at="2024-07-30T10:33:15 GMT-07:00" name="test2" finished-at="2024-07-30T10:33:15 GMT-07:00" duration-ms="2" status="PASS">
          <reporter-output>
          </reporter-output>
        </test-method> <!-- test2 -->
      </class> <!-- practice2.Testclass -->
    </test> <!-- Default test -->
  </suite> <!-- Default suite -->
</testng-results>
