<?xml version="1.0" encoding="UTF-8"?>
<!-- Generated by org.testng.reporters.JUnitXMLReporter -->
<testsuite ignored="0" hostname="LAPTOP-4Q05FJ6F" failures="1" tests="3" name="Test" time="5.245" errors="0" timestamp="2024-03-31T20:33:23 IST">
  <testcase classname="practice2.Miscellenousjava" name="justtakealook" time="5.173">
    <failure type="java.lang.AssertionError" message="expected [true] but found [false]">
      <![CDATA[java.lang.AssertionError: expected [true] but found [false]
at practice2.Miscellenousjava.justtakealook(Miscellenousjava.java:33)
at java.base/java.util.ArrayList.forEach(ArrayList.java:1596)
... Removed 29 stack frames]]>
    </failure>
  </testcase> <!-- justtakealook -->
  <testcase classname="practice2.Testclass" name="test1" time="0.003"/>
  <testcase classname="practice2.Testclass" name="test2" time="0.003"/>
</testsuite> <!-- Test -->
